
**** Build of configuration Debug for project poker ****

make all 
Building file: ../check.c
Invoking: Cross GCC Compiler
gcc -O0 -g3 -Wall -c -fmessage-length=0 -MMD -MP -MF"check.d" -MT"check.d" -o "check.o" "../check.c"
Finished building: ../check.c
 
Building file: ../cmp.c
Invoking: Cross GCC Compiler
gcc -O0 -g3 -Wall -c -fmessage-length=0 -MMD -MP -MF"cmp.d" -MT"cmp.d" -o "cmp.o" "../cmp.c"
Finished building: ../cmp.c
 
Building file: ../main.c
Invoking: Cross GCC Compiler
gcc -O0 -g3 -Wall -c -fmessage-length=0 -MMD -MP -MF"main.d" -MT"main.d" -o "main.o" "../main.c"
Finished building: ../main.c
 
Building file: ../play.c
Invoking: Cross GCC Compiler
gcc -O0 -g3 -Wall -c -fmessage-length=0 -MMD -MP -MF"play.d" -MT"play.d" -o "play.o" "../play.c"
Finished building: ../play.c
 
Building file: ../print.c
Invoking: Cross GCC Compiler
gcc -O0 -g3 -Wall -c -fmessage-length=0 -MMD -MP -MF"print.d" -MT"print.d" -o "print.o" "../print.c"
Finished building: ../print.c
 
Building file: ../setup.c
Invoking: Cross GCC Compiler
gcc -O0 -g3 -Wall -c -fmessage-length=0 -MMD -MP -MF"setup.d" -MT"setup.d" -o "setup.o" "../setup.c"
Finished building: ../setup.c
 
Building target: poker
Invoking: Cross GCC Linker
gcc  -o "poker"  ./check.o ./cmp.o ./main.o ./play.o ./print.o ./setup.o   
Finished building target: poker
 

**** Build Finished ****
