
**** Build of configuration Debug for project functionsAsArguments ****

make all 
Building file: ../functionsAsArguments.c
Invoking: GCC C Compiler
gcc -O0 -g3 -Wall -c -fmessage-length=0 -MMD -MP -MF"functionsAsArguments.d" -MT"functionsAsArguments.d" -o"functionsAsArguments.o" "../functionsAsArguments.c"
Finished building: ../functionsAsArguments.c
 
../functionsAsArguments.c: In function ‘main’:
../functionsAsArguments.c:33: warning: format ‘%.5lf’ expects type ‘double’, but argument 2 has type ‘int’
../functionsAsArguments.c:33: warning: format ‘%.5lf’ expects type ‘double’, but argument 3 has type ‘int’
../functionsAsArguments.c:36: warning: format ‘%.5lf’ expects type ‘double’, but argument 2 has type ‘int’
../functionsAsArguments.c:36: warning: format ‘%.5lf’ expects type ‘double’, but argument 3 has type ‘int’
../functionsAsArguments.c:21: warning: unused variable ‘result’
Building target: functionsAsArguments
Invoking: GCC C Linker
gcc  -o"functionsAsArguments"  ./functionsAsArguments.o   
./functionsAsArguments.o: In function `main':
../functionsAsArguments.c:24: undefined reference to `sin'
../functionsAsArguments.c:26: undefined reference to `sin'
../functionsAsArguments.c:29: undefined reference to `cos'
../functionsAsArguments.c:31: undefined reference to `cos'
collect2: ld returned 1 exit status
make: *** [functionsAsArguments] Error 1
