
**** Build of configuration Debug for project libs ****

make all 
Building file: ../main.c
Invoking: Cross GCC Compiler
gcc -O0 -g3 -Wall -c -fmessage-length=0 -MMD -MP -MF"main.d" -MT"main.d" -o "main.o" "../main.c"
Finished building: ../main.c
 
Building target: libs
Invoking: Cross GCC Linker
gcc  -o "libs"  ./gcalloc.o ./gfopen.o ./main.o   
Finished building target: libs
 

**** Build Finished ****

**** Build of configuration Debug for project libs ****

make all 
make: Nothing to be done for `all'.

**** Build Finished ****

**** Build of configuration Debug for project libs ****

make all 
Building file: ../main.c
Invoking: Cross GCC Compiler
gcc -O0 -g3 -Wall -c -fmessage-length=0 -MMD -MP -MF"main.d" -MT"main.d" -o "main.o" "../main.c"
Finished building: ../main.c
 
Building target: libs
Invoking: Cross GCC Linker
gcc  -o "libs"  ./gcalloc.o ./gfopen.o ./main.o   
Finished building target: libs
 

**** Build Finished ****
